-------------------------------------------------------------------------------
Test set: org.apache.commons.lang3.reflect.FieldUtilsTest
-------------------------------------------------------------------------------
Tests run: 1, Failures: 1, Errors: 0, Skipped: 0, Time elapsed: 0.057 s <<< FAILURE! - in org.apache.commons.lang3.reflect.FieldUtilsTest
org.apache.commons.lang3.reflect.FieldUtilsTest.testGetAllFields  Time elapsed: 0.036 s  <<< FAILURE!
org.opentest4j.AssertionFailedError: array contents differ at index [0], expected: <static final char[] java.lang.Integer.DigitTens> but was: <private final int java.lang.Integer.value>
	at org.apache.commons.lang3.reflect.FieldUtilsTest.testGetAllFields(FieldUtilsTest.java:175)

