-------------------------------------------------------------------------------
Test set: org.apache.commons.lang3.reflect.FieldUtilsTest
-------------------------------------------------------------------------------
Tests run: 1, Failures: 1, Errors: 0, Skipped: 0, Time elapsed: 0.059 s <<< FAILURE! - in org.apache.commons.lang3.reflect.FieldUtilsTest
org.apache.commons.lang3.reflect.FieldUtilsTest.testGetAllFields  Time elapsed: 0.039 s  <<< FAILURE!
org.opentest4j.AssertionFailedError: array contents differ at index [0], expected: <public static final int java.lang.Integer.SIZE> but was: <public static final java.lang.Class java.lang.Integer.TYPE>
	at org.apache.commons.lang3.reflect.FieldUtilsTest.testGetAllFields(FieldUtilsTest.java:175)

