-------------------------------------------------------------------------------
Test set: org.apache.commons.lang3.reflect.FieldUtilsTest
-------------------------------------------------------------------------------
Tests run: 1, Failures: 1, Errors: 0, Skipped: 0, Time elapsed: 0.056 s <<< FAILURE! - in org.apache.commons.lang3.reflect.FieldUtilsTest
org.apache.commons.lang3.reflect.FieldUtilsTest.testGetAllFields  Time elapsed: 0.034 s  <<< FAILURE!
org.opentest4j.AssertionFailedError: expected: <[public static final int java.lang.Integer.SIZE, public static final java.lang.Class java.lang.Integer.TYPE, public static final int java.lang.Integer.BYTES, public static final int java.lang.Integer.MAX_VALUE, private final int java.lang.Integer.value, static final char[] java.lang.Integer.DigitTens, public static final int java.lang.Integer.MIN_VALUE, static final char[] java.lang.Integer.digits, private static final long java.lang.Integer.serialVersionUID, static final char[] java.lang.Integer.DigitOnes, static final int[] java.lang.Integer.sizeTable, private static final long java.lang.Number.serialVersionUID]> but was: <[public static final java.lang.Class java.lang.Integer.TYPE, public static final int java.lang.Integer.BYTES, static final char[] java.lang.Integer.DigitTens, public static final int java.lang.Integer.MIN_VALUE, private static final long java.lang.Integer.serialVersionUID, private final int java.lang.Integer.value, static final int[] java.lang.Integer.sizeTable, static final char[] java.lang.Integer.DigitOnes, public static final int java.lang.Integer.SIZE, static final char[] java.lang.Integer.digits, public static final int java.lang.Integer.MAX_VALUE, private static final long java.lang.Number.serialVersionUID]>
	at org.apache.commons.lang3.reflect.FieldUtilsTest.testGetAllFields(FieldUtilsTest.java:175)

