-------------------------------------------------------------------------------
Test set: org.apache.commons.lang3.reflect.FieldUtilsTest
-------------------------------------------------------------------------------
Tests run: 1, Failures: 1, Errors: 0, Skipped: 0, Time elapsed: 0.054 s <<< FAILURE! - in org.apache.commons.lang3.reflect.FieldUtilsTest
org.apache.commons.lang3.reflect.FieldUtilsTest.testGetAllFields  Time elapsed: 0.033 s  <<< FAILURE!
org.opentest4j.AssertionFailedError: expected: <[static final char[] java.lang.Integer.DigitTens, public static final int java.lang.Integer.BYTES, private static final long java.lang.Integer.serialVersionUID, private final int java.lang.Integer.value, static final char[] java.lang.Integer.DigitOnes, public static final java.lang.Class java.lang.Integer.TYPE, public static final int java.lang.Integer.MIN_VALUE, static final char[] java.lang.Integer.digits, public static final int java.lang.Integer.MAX_VALUE, public static final int java.lang.Integer.SIZE, static final int[] java.lang.Integer.sizeTable, private static final long java.lang.Number.serialVersionUID]> but was: <[private final int java.lang.Integer.value, public static final int java.lang.Integer.MAX_VALUE, static final char[] java.lang.Integer.DigitTens, static final char[] java.lang.Integer.DigitOnes, public static final int java.lang.Integer.SIZE, static final int[] java.lang.Integer.sizeTable, public static final int java.lang.Integer.BYTES, public static final java.lang.Class java.lang.Integer.TYPE, private static final long java.lang.Integer.serialVersionUID, public static final int java.lang.Integer.MIN_VALUE, static final char[] java.lang.Integer.digits, private static final long java.lang.Number.serialVersionUID]>
	at org.apache.commons.lang3.reflect.FieldUtilsTest.testGetAllFields(FieldUtilsTest.java:175)

