-------------------------------------------------------------------------------
Test set: org.apache.commons.lang3.reflect.FieldUtilsTest
-------------------------------------------------------------------------------
Tests run: 1, Failures: 1, Errors: 0, Skipped: 0, Time elapsed: 0.051 s <<< FAILURE! - in org.apache.commons.lang3.reflect.FieldUtilsTest
org.apache.commons.lang3.reflect.FieldUtilsTest.testGetAllFields  Time elapsed: 0.032 s  <<< FAILURE!
org.opentest4j.AssertionFailedError: expected: <[public static final int java.lang.Integer.BYTES, public static final int java.lang.Integer.SIZE, private static final long java.lang.Integer.serialVersionUID, public static final java.lang.Class java.lang.Integer.TYPE, static final int[] java.lang.Integer.sizeTable, public static final int java.lang.Integer.MIN_VALUE, static final char[] java.lang.Integer.DigitTens, static final char[] java.lang.Integer.DigitOnes, public static final int java.lang.Integer.MAX_VALUE, static final char[] java.lang.Integer.digits, private final int java.lang.Integer.value, private static final long java.lang.Number.serialVersionUID]> but was: <[static final char[] java.lang.Integer.digits, public static final int java.lang.Integer.MIN_VALUE, public static final java.lang.Class java.lang.Integer.TYPE, private static final long java.lang.Integer.serialVersionUID, public static final int java.lang.Integer.SIZE, private final int java.lang.Integer.value, public static final int java.lang.Integer.MAX_VALUE, public static final int java.lang.Integer.BYTES, static final char[] java.lang.Integer.DigitTens, static final int[] java.lang.Integer.sizeTable, static final char[] java.lang.Integer.DigitOnes, private static final long java.lang.Number.serialVersionUID]>
	at org.apache.commons.lang3.reflect.FieldUtilsTest.testGetAllFields(FieldUtilsTest.java:175)

